<?xml version="1.0" encoding="UTF-8"?>
<testng-results ignored="0" total="1" passed="1" failed="0" skipped="0">
  <reporter-output>
  </reporter-output>
  <suite started-at="2021-01-09T16:14:22 IST" name="InetBanking" finished-at="2021-01-09T16:15:37 IST" duration-ms="74983">
    <groups>
    </groups>
    <test started-at="2021-01-09T16:14:22 IST" name="BankingAPP Test" finished-at="2021-01-09T16:15:37 IST" duration-ms="74983">
      <class name="com.inetBanking.testCases.TC_CreationOfNewCustomer_003">
        <test-method is-config="true" signature="setup(java.lang.String)[pri:0, instance:com.inetBanking.testCases.TC_CreationOfNewCustomer_003@6ed3ccb2]" started-at="2021-01-09T16:14:22 IST" name="setup" finished-at="2021-01-09T16:14:59 IST" duration-ms="36744" status="PASS">
          <params>
            <param index="0">
              <value>
                <![CDATA[chrome]]>
              </value>
            </param>
          </params>
          <reporter-output>
          </reporter-output>
        </test-method> <!-- setup -->
        <test-method signature="creationofNewCUSTOMER()[pri:0, instance:com.inetBanking.testCases.TC_CreationOfNewCustomer_003@6ed3ccb2]" started-at="2021-01-09T16:14:59 IST" name="creationofNewCUSTOMER" finished-at="2021-01-09T16:15:36 IST" duration-ms="37153" status="PASS">
          <reporter-output>
          </reporter-output>
        </test-method> <!-- creationofNewCUSTOMER -->
        <test-method is-config="true" signature="tearDown()[pri:0, instance:com.inetBanking.testCases.TC_CreationOfNewCustomer_003@6ed3ccb2]" started-at="2021-01-09T16:15:36 IST" name="tearDown" finished-at="2021-01-09T16:15:37 IST" duration-ms="714" status="PASS">
          <reporter-output>
          </reporter-output>
        </test-method> <!-- tearDown -->
      </class> <!-- com.inetBanking.testCases.TC_CreationOfNewCustomer_003 -->
    </test> <!-- BankingAPP Test -->
  </suite> <!-- InetBanking -->
</testng-results>
