<?xml version="1.0" encoding="UTF-8"?>
<testng-results ignored="0" total="1" passed="1" failed="0" skipped="0">
  <reporter-output>
  </reporter-output>
  <suite started-at="2021-01-08T21:45:39 IST" name="InetBanking" finished-at="2021-01-08T21:46:28 IST" duration-ms="49020">
    <groups>
    </groups>
    <test started-at="2021-01-08T21:45:39 IST" name="BankingAPP Test" finished-at="2021-01-08T21:46:28 IST" duration-ms="49020">
      <class name="com.inetBanking.testCases.TC_CreationOfNewCustomer_003">
        <test-method is-config="true" signature="setup(java.lang.String)[pri:0, instance:com.inetBanking.testCases.TC_CreationOfNewCustomer_003@429bffaa]" started-at="2021-01-08T21:45:39 IST" name="setup" finished-at="2021-01-08T21:45:50 IST" duration-ms="11168" status="PASS">
          <params>
            <param index="0">
              <value>
                <![CDATA[chrome]]>
              </value>
            </param>
          </params>
          <reporter-output>
          </reporter-output>
        </test-method> <!-- setup -->
        <test-method signature="creationofNewCUSTOMER()[pri:0, instance:com.inetBanking.testCases.TC_CreationOfNewCustomer_003@429bffaa]" started-at="2021-01-08T21:45:50 IST" name="creationofNewCUSTOMER" finished-at="2021-01-08T21:46:26 IST" duration-ms="36326" status="PASS">
          <reporter-output>
          </reporter-output>
        </test-method> <!-- creationofNewCUSTOMER -->
        <test-method is-config="true" signature="tearDown()[pri:0, instance:com.inetBanking.testCases.TC_CreationOfNewCustomer_003@429bffaa]" started-at="2021-01-08T21:46:26 IST" name="tearDown" finished-at="2021-01-08T21:46:28 IST" duration-ms="1174" status="PASS">
          <reporter-output>
          </reporter-output>
        </test-method> <!-- tearDown -->
      </class> <!-- com.inetBanking.testCases.TC_CreationOfNewCustomer_003 -->
    </test> <!-- BankingAPP Test -->
  </suite> <!-- InetBanking -->
</testng-results>
